<?xml version="1.0" encoding="UTF-8"?>
<!-- Generated by org.testng.reporters.JUnitXMLReporter -->
<testsuite ignored="8" hostname="Prat" failures="0" tests="10" name="Test" time="42.886" errors="0" timestamp="2024-03-09T12:05:29 IST">
  <testcase classname="entrataTests.HeaderTest" name="isProductsTabPresentTest" time="3.13"/>
  <testcase classname="entrataTests.HeaderTest" name="isSolutionsTabPresent" time="3.025"/>
  <testcase classname="entrataTests.HeaderTest" name="isResourcesTabPresent" time="3.09"/>
  <testcase classname="entrataTests.HeaderTest" name="isBaseCampTabPresent" time="3.121"/>
  <testcase classname="entrataTests.HeaderTest" name="isSignInButtonPresent" time="3.091"/>
  <testcase classname="entrataTests.ProductsTest" name="navigateToPropertyManagement" time="6.794"/>
  <testcase classname="entrataTests.ResidentPayTest" name="navigateToResidentPage" time="6.371"/>
  <testcase classname="entrataTests.WatchDemoPageTest" name="launchTest" time="3.142"/>
  <testcase classname="entrataTests.WatchDemoPageTest" name="navigateToWatchDemoPage" time="10.172"/>
  <testcase classname="entrataTests.WatchDemoPageTest" name="fillWatchDemoForm" time="0.835"/>
  <testcase classname="entrataTests.BaseTest" name="@BeforeSuite init" time="0.0">
    <ignored/>
  </testcase> <!-- @BeforeSuite init -->
  <testcase classname="entrataTests.BaseTest" name="@AfterSuite tearDown" time="0.0">
    <ignored/>
  </testcase> <!-- @AfterSuite tearDown -->
  <testcase classname="entrataTests.BaseTest" name="@BeforeSuite init" time="0.0">
    <ignored/>
  </testcase> <!-- @BeforeSuite init -->
  <testcase classname="entrataTests.BaseTest" name="@AfterSuite tearDown" time="0.0">
    <ignored/>
  </testcase> <!-- @AfterSuite tearDown -->
  <testcase classname="entrataTests.BaseTest" name="@BeforeSuite init" time="0.0">
    <ignored/>
  </testcase> <!-- @BeforeSuite init -->
  <testcase classname="entrataTests.BaseTest" name="@BeforeSuite init" time="0.0">
    <ignored/>
  </testcase> <!-- @BeforeSuite init -->
  <testcase classname="entrataTests.BaseTest" name="@AfterSuite tearDown" time="0.0">
    <ignored/>
  </testcase> <!-- @AfterSuite tearDown -->
  <testcase classname="entrataTests.BaseTest" name="@AfterSuite tearDown" time="0.0">
    <ignored/>
  </testcase> <!-- @AfterSuite tearDown -->
</testsuite> <!-- Test -->
