<?xml version="1.0" encoding="UTF-8"?>
<!-- Generated by org.testng.reporters.JUnitXMLReporter -->
<testsuite ignored="4" hostname="Prat" failures="0" tests="3" name="Test" time="13.606" errors="0" timestamp="2024-03-08T19:00:30 IST">
  <testcase classname="entrataTests.WatchDemoPageTest" name="launchTest" time="3.211"/>
  <testcase classname="entrataTests.WatchDemoPageTest" name="navigateToWatchDemoPage" time="9.075"/>
  <testcase classname="entrataTests.WatchDemoPageTest" name="fillWatchDemoForm" time="1.217"/>
  <testcase classname="entrataTests.BaseTest" name="@AfterSuite tearDown" time="0.0">
    <ignored/>
  </testcase> <!-- @AfterSuite tearDown -->
  <testcase classname="entrataTests.BaseTest" name="@AfterSuite tearDown" time="0.0">
    <ignored/>
  </testcase> <!-- @AfterSuite tearDown -->
  <testcase classname="entrataTests.BaseTest" name="@BeforeSuite init" time="0.0">
    <ignored/>
  </testcase> <!-- @BeforeSuite init -->
  <testcase classname="entrataTests.BaseTest" name="@BeforeSuite init" time="0.0">
    <ignored/>
  </testcase> <!-- @BeforeSuite init -->
</testsuite> <!-- Test -->
