<?xml version="1.0" encoding="UTF-8"?>
<!-- Generated by org.testng.reporters.JUnitXMLReporter -->
<testsuite ignored="8" hostname="Prat" failures="0" tests="12" name="Test" time="47.849" errors="0" timestamp="2024-03-09T15:24:07 IST">
  <testcase classname="entrataTests.HeaderTest" name="isProductsTabPresentTest" time="3.133"/>
  <testcase classname="entrataTests.HeaderTest" name="isSolutionsTabPresent" time="3.042"/>
  <testcase classname="entrataTests.HeaderTest" name="isResourcesTabPresent" time="3.039"/>
  <testcase classname="entrataTests.HeaderTest" name="isBaseCampTabPresent" time="3.132"/>
  <testcase classname="entrataTests.HeaderTest" name="isSignInButtonPresent" time="3.104"/>
  <testcase classname="entrataTests.ProductsTest" name="isProductsTabPresent" time="3.105"/>
  <testcase classname="entrataTests.ProductsTest" name="navigateToPropertyManagement" time="6.791"/>
  <testcase classname="entrataTests.ResidentPayTest" name="isPorductsTabPresent" time="3.123"/>
  <testcase classname="entrataTests.ResidentPayTest" name="navigateToResidentPayPage" time="4.257"/>
  <testcase classname="entrataTests.WatchDemoPageTest" name="launchTest" time="3.21"/>
  <testcase classname="entrataTests.WatchDemoPageTest" name="navigateToWatchDemoPage" time="10.763"/>
  <testcase classname="entrataTests.WatchDemoPageTest" name="fillWatchDemoForm" time="1.009"/>
  <testcase classname="entrataTests.BaseTest" name="@AfterSuite tearDown" time="0.0">
    <ignored/>
  </testcase> <!-- @AfterSuite tearDown -->
  <testcase classname="entrataTests.BaseTest" name="@AfterSuite tearDown" time="0.0">
    <ignored/>
  </testcase> <!-- @AfterSuite tearDown -->
  <testcase classname="entrataTests.BaseTest" name="@AfterSuite tearDown" time="0.0">
    <ignored/>
  </testcase> <!-- @AfterSuite tearDown -->
  <testcase classname="entrataTests.BaseTest" name="@BeforeSuite init" time="0.0">
    <ignored/>
  </testcase> <!-- @BeforeSuite init -->
  <testcase classname="entrataTests.BaseTest" name="@AfterSuite tearDown" time="0.0">
    <ignored/>
  </testcase> <!-- @AfterSuite tearDown -->
  <testcase classname="entrataTests.BaseTest" name="@BeforeSuite init" time="0.0">
    <ignored/>
  </testcase> <!-- @BeforeSuite init -->
  <testcase classname="entrataTests.BaseTest" name="@BeforeSuite init" time="0.0">
    <ignored/>
  </testcase> <!-- @BeforeSuite init -->
  <testcase classname="entrataTests.BaseTest" name="@BeforeSuite init" time="0.0">
    <ignored/>
  </testcase> <!-- @BeforeSuite init -->
</testsuite> <!-- Test -->
