<?xml version="1.0" encoding="UTF-8"?>
<testsuite xmlns:xsi="http://www.w3.org/2001/XMLSchema-instance" xsi:noNamespaceSchemaLocation="https://maven.apache.org/surefire/maven-surefire-plugin/xsd/surefire-test-report-3.0.xsd" version="3.0" name="TestSuite" time="70.913" tests="12" errors="0" skipped="0" failures="0">
  <properties>
[...]
</properties>
  <testcase name="isProductsTabPresentTest" classname="entrataTests.HeaderTest" time="3.137">
    <system-err><![CDATA[SLF4J: Failed to load class "org.slf4j.impl.StaticLoggerBinder".
SLF4J: Defaulting to no-operation (NOP) logger implementation
SLF4J: See http://www.slf4j.org/codes.html#StaticLoggerBinder for further details.
]]></system-err>
  </testcase>
  <testcase name="isSolutionsTabPresent" classname="entrataTests.HeaderTest" time="3.038"/>
  <testcase name="isResourcesTabPresent" classname="entrataTests.HeaderTest" time="3.038"/>
  <testcase name="isBaseCampTabPresent" classname="entrataTests.HeaderTest" time="3.133"/>
  <testcase name="isSignInButtonPresent" classname="entrataTests.HeaderTest" time="3.105"/>
  <testcase name="isProductsTabPresent" classname="entrataTests.ProductsTest" time="3.105"/>
  <testcase name="navigateToPropertyManagement" classname="entrataTests.ProductsTest" time="6.792"/>
  <testcase name="isPorductsTabPresent" classname="entrataTests.ResidentPayTest" time="3.123"/>
  <testcase name="navigateToResidentPayPage" classname="entrataTests.ResidentPayTest" time="4.257"/>
  <testcase name="launchTest" classname="entrataTests.WatchDemoPageTest" time="3.21">
    <system-out><![CDATA[watch demo button ===>true
]]></system-out>
  </testcase>
  <testcase name="navigateToWatchDemoPage" classname="entrataTests.WatchDemoPageTest" time="10.761"/>
  <testcase name="fillWatchDemoForm" classname="entrataTests.WatchDemoPageTest" time="1.008"/>
</testsuite>