<?xml version="1.0" encoding="UTF-8"?>
<testng-results ignored="0" total="2" passed="2" failed="0" skipped="0">
  <reporter-output>
  </reporter-output>
  <suite started-at="2024-03-09T15:07:04 IST" name="Default suite" finished-at="2024-03-09T15:07:14 IST" duration-ms="10285">
    <groups>
    </groups>
    <test started-at="2024-03-09T15:07:04 IST" name="Default test" finished-at="2024-03-09T15:07:14 IST" duration-ms="10285">
      <class name="entrataTests.ResidentPayTest">
        <test-method is-config="true" signature="init()[pri:0, instance:entrataTests.ResidentPayTest@6c1a5b54]" started-at="2024-03-09T15:05:51 IST" name="init" finished-at="2024-03-09T15:07:04 IST" duration-ms="72255" status="PASS">
          <reporter-output>
          </reporter-output>
        </test-method> <!-- init -->
        <test-method signature="isPorductsTabPresent()[pri:0, instance:entrataTests.ResidentPayTest@6c1a5b54]" started-at="2024-03-09T15:07:04 IST" name="isPorductsTabPresent" finished-at="2024-03-09T15:07:08 IST" duration-ms="3885" status="PASS">
          <reporter-output>
          </reporter-output>
        </test-method> <!-- isPorductsTabPresent -->
        <test-method signature="navigateToResidentPayPage()[pri:1, instance:entrataTests.ResidentPayTest@6c1a5b54]" started-at="2024-03-09T15:07:08 IST" name="navigateToResidentPayPage" finished-at="2024-03-09T15:07:14 IST" depends-on-methods="entrataTests.ResidentPayTest.isPorductsTabPresent" duration-ms="6103" status="PASS">
          <reporter-output>
          </reporter-output>
        </test-method> <!-- navigateToResidentPayPage -->
        <test-method is-config="true" signature="tearDown()[pri:0, instance:entrataTests.ResidentPayTest@6c1a5b54]" started-at="2024-03-09T15:07:14 IST" name="tearDown" finished-at="2024-03-09T15:07:21 IST" duration-ms="6316" status="PASS">
          <reporter-output>
          </reporter-output>
        </test-method> <!-- tearDown -->
      </class> <!-- entrataTests.ResidentPayTest -->
    </test> <!-- Default test -->
  </suite> <!-- Default suite -->
</testng-results>
